<?xml version="1.0" encoding="UTF-8"?>
<testng-results ignored="0" total="1" passed="1" failed="0" skipped="0">
  <reporter-output>
  </reporter-output>
  <suite started-at="2023-05-16T17:31:51 IST" name="Default suite" finished-at="2023-05-16T17:32:02 IST" duration-ms="11570">
    <groups>
    </groups>
    <test started-at="2023-05-16T17:31:51 IST" name="Default test" finished-at="2023-05-16T17:32:02 IST" duration-ms="11570">
      <class name="MyTest.EonTest">
        <test-method is-config="true" signature="setup()[pri:0, instance:MyTest.EonTest@6d4e5011]" started-at="2023-05-16T17:31:51 IST" name="setup" finished-at="2023-05-16T17:31:59 IST" duration-ms="8039" status="PASS">
          <reporter-output>
          </reporter-output>
        </test-method> <!-- setup -->
        <test-method signature="login()[pri:0, instance:MyTest.EonTest@6d4e5011]" started-at="2023-05-16T17:31:59 IST" name="login" finished-at="2023-05-16T17:32:02 IST" duration-ms="3180" status="PASS">
          <reporter-output>
          </reporter-output>
        </test-method> <!-- login -->
        <test-method is-config="true" signature="tearDown()[pri:0, instance:MyTest.EonTest@6d4e5011]" started-at="2023-05-16T17:32:02 IST" name="tearDown" finished-at="2023-05-16T17:32:02 IST" duration-ms="304" status="PASS">
          <reporter-output>
          </reporter-output>
        </test-method> <!-- tearDown -->
      </class> <!-- MyTest.EonTest -->
    </test> <!-- Default test -->
  </suite> <!-- Default suite -->
</testng-results>
